# JRE version: Java(TM) SE Runtime Environment (17.0.12+8) (build 17.0.12+8-LTS-286)
# Java VM: Java HotSpot(TM) 64-Bit Server VM (17.0.12+8-LTS-286, mixed mode, sharing, tiered, compressed oops, compressed class ptrs, g1 gc, windows-amd64)
GC Precious Log:
 CPUs: 8 total, 8 available
 Memory: 32616M
 Large Page Support: Disabled
 NUMA Support: Disabled
 Compressed Oops: Enabled (Zero based)
 Heap Region Size: 4M
 Heap Min Capacity: 8M
 Heap Initial Capacity: 512M
 Heap Max Capacity: 8156M
 Pre-touch: Disabled
 Parallel Workers: 8
 Concurrent Workers: 2
 Concurrent Refinement Workers: 8
 Periodic GC: Disabled
Heap:
 garbage-first heap   total 356352K, used 250286K [0x0000000602400000, 0x0000000800000000)
  region size 4096K, 23 young (94208K), 3 survivors (12288K)
 Metaspace       used 67638K, committed 68800K, reserved 1114112K
  class space    used 10185K, committed 10688K, reserved 1048576K
GC Heap History (20 events):
Event: 4.953 GC heap before
{Heap before GC invocations=13 (full 0):
 garbage-first heap   total 245760K, used 194188K [0x0000000602400000, 0x0000000800000000)
  region size 4096K, 26 young (106496K), 2 survivors (8192K)
 Metaspace       used 32478K, committed 33408K, reserved 1114112K
  class space    used 4044K, committed 4416K, reserved 1048576K
}
Event: 4.957 GC heap after
{Heap after GC invocations=14 (full 0):
 garbage-first heap   total 294912K, used 97542K [0x0000000602400000, 0x0000000800000000)
  region size 4096K, 3 young (12288K), 3 survivors (12288K)
 Metaspace       used 32478K, committed 33408K, reserved 1114112K
  class space    used 4044K, committed 4416K, reserved 1048576K
}
Event: 5.935 GC heap before
{Heap before GC invocations=14 (full 0):
 garbage-first heap   total 294912K, used 232710K [0x0000000602400000, 0x0000000800000000)
  region size 4096K, 36 young (147456K), 3 survivors (12288K)
 Metaspace       used 35033K, committed 36032K, reserved 1114112K
  class space    used 4337K, committed 4800K, reserved 1048576K
}
Event: 5.940 GC heap after
{Heap after GC invocations=15 (full 0):
 garbage-first heap   total 294912K, used 101740K [0x0000000602400000, 0x0000000800000000)
  region size 4096K, 4 young (16384K), 4 survivors (16384K)
 Metaspace       used 35033K, committed 36032K, reserved 1114112K
  class space    used 4337K, committed 4800K, reserved 1048576K
}
Event: 6.076 GC heap before
{Heap before GC invocations=15 (full 0):
 garbage-first heap   total 294912K, used 138604K [0x0000000602400000, 0x0000000800000000)
  region size 4096K, 14 young (57344K), 4 survivors (16384K)
 Metaspace       used 35177K, committed 36096K, reserved 1114112K
  class space    used 4349K, committed 4800K, reserved 1048576K
}
Event: 6.081 GC heap after
{Heap after GC invocations=16 (full 0):
 garbage-first heap   total 294912K, used 102679K [0x0000000602400000, 0x0000000800000000)
  region size 4096K, 3 young (12288K), 3 survivors (12288K)
 Metaspace       used 35177K, committed 36096K, reserved 1114112K
  class space    used 4349K, committed 4800K, reserved 1048576K
}
Event: 6.535 GC heap before
{Heap before GC invocations=17 (full 0):
 garbage-first heap   total 294912K, used 237847K [0x0000000602400000, 0x0000000800000000)
  region size 4096K, 36 young (147456K), 3 survivors (12288K)
 Metaspace       used 39203K, committed 40128K, reserved 1114112K
  class space    used 4936K, committed 5376K, reserved 1048576K
}
Event: 6.539 GC heap after
{Heap after GC invocations=18 (full 0):
 garbage-first heap   total 294912K, used 105181K [0x0000000602400000, 0x0000000800000000)
  region size 4096K, 4 young (16384K), 4 survivors (16384K)
 Metaspace       used 39203K, committed 40128K, reserved 1114112K
  class space    used 4936K, committed 5376K, reserved 1048576K
}
Event: 6.950 GC heap before
{Heap before GC invocations=18 (full 0):
 garbage-first heap   total 294912K, used 236253K [0x0000000602400000, 0x0000000800000000)
  region size 4096K, 36 young (147456K), 4 survivors (16384K)
 Metaspace       used 43640K, committed 44672K, reserved 1114112K
  class space    used 5703K, committed 6144K, reserved 1048576K
}
Event: 6.958 GC heap after
{Heap after GC invocations=19 (full 0):
 garbage-first heap   total 294912K, used 112229K [0x0000000602400000, 0x0000000800000000)
  region size 4096K, 5 young (20480K), 5 survivors (20480K)
 Metaspace       used 43640K, committed 44672K, reserved 1114112K
  class space    used 5703K, committed 6144K, reserved 1048576K
}
Event: 7.200 GC heap before
{Heap before GC invocations=19 (full 0):
 garbage-first heap   total 294912K, used 235109K [0x0000000602400000, 0x0000000800000000)
  region size 4096K, 35 young (143360K), 5 survivors (20480K)
 Metaspace       used 44781K, committed 45760K, reserved 1114112K
  class space    used 5891K, committed 6336K, reserved 1048576K
}
Event: 7.212 GC heap after
{Heap after GC invocations=20 (full 0):
 garbage-first heap   total 294912K, used 125626K [0x0000000602400000, 0x0000000800000000)
  region size 4096K, 5 young (20480K), 5 survivors (20480K)
 Metaspace       used 44781K, committed 45760K, reserved 1114112K
  class space    used 5891K, committed 6336K, reserved 1048576K
}
Event: 7.362 GC heap before
{Heap before GC invocations=20 (full 0):
 garbage-first heap   total 294912K, used 232122K [0x0000000602400000, 0x0000000800000000)
  region size 4096K, 31 young (126976K), 5 survivors (20480K)
 Metaspace       used 45117K, committed 46144K, reserved 1114112K
  class space    used 5931K, committed 6400K, reserved 1048576K
}
Event: 7.375 GC heap after
{Heap after GC invocations=21 (full 0):
 garbage-first heap   total 356352K, used 137395K [0x0000000602400000, 0x0000000800000000)
  region size 4096K, 3 young (12288K), 3 survivors (12288K)
 Metaspace       used 45117K, committed 46144K, reserved 1114112K
  class space    used 5931K, committed 6400K, reserved 1048576K
}
Event: 7.910 GC heap before
{Heap before GC invocations=21 (full 0):
 garbage-first heap   total 356352K, used 280755K [0x0000000602400000, 0x0000000800000000)
  region size 4096K, 38 young (155648K), 3 survivors (12288K)
 Metaspace       used 50626K, committed 51648K, reserved 1114112K
  class space    used 6799K, committed 7232K, reserved 1048576K
}
Event: 7.919 GC heap after
{Heap after GC invocations=22 (full 0):
 garbage-first heap   total 356352K, used 160440K [0x0000000602400000, 0x0000000800000000)
  region size 4096K, 5 young (20480K), 5 survivors (20480K)
 Metaspace       used 50626K, committed 51648K, reserved 1114112K
  class space    used 6799K, committed 7232K, reserved 1048576K
}
Event: 8.584 GC heap before
{Heap before GC invocations=22 (full 0):
 garbage-first heap   total 356352K, used 266936K [0x0000000602400000, 0x0000000800000000)
  region size 4096K, 32 young (131072K), 5 survivors (20480K)
 Metaspace       used 59663K, committed 60736K, reserved 1114112K
  class space    used 8777K, committed 9280K, reserved 1048576K
}
Event: 8.592 GC heap after
{Heap after GC invocations=23 (full 0):
 garbage-first heap   total 356352K, used 169630K [0x0000000602400000, 0x0000000800000000)
  region size 4096K, 2 young (8192K), 2 survivors (8192K)
 Metaspace       used 59663K, committed 60736K, reserved 1114112K
  class space    used 8777K, committed 9280K, reserved 1048576K
}
Event: 9.043 GC heap before
{Heap before GC invocations=24 (full 0):
 garbage-first heap   total 356352K, used 280222K [0x0000000602400000, 0x0000000800000000)
  region size 4096K, 29 young (118784K), 2 survivors (8192K)
 Metaspace       used 63211K, committed 64384K, reserved 1114112K
  class space    used 9468K, committed 9984K, reserved 1048576K
}
Event: 9.047 GC heap after
{Heap after GC invocations=25 (full 0):
 garbage-first heap   total 356352K, used 172462K [0x0000000602400000, 0x0000000800000000)
  region size 4096K, 3 young (12288K), 3 survivors (12288K)
 Metaspace       used 63211K, committed 64384K, reserved 1114112K
  class space    used 9468K, committed 9984K, reserved 1048576K
}

