# JRE version: Java(TM) SE Runtime Environment (17.0.12+8) (build 17.0.12+8-LTS-286)
# Java VM: Java HotSpot(TM) 64-Bit Server VM (17.0.12+8-LTS-286, mixed mode, sharing, tiered, compressed oops, compressed class ptrs, g1 gc, windows-amd64)
GC Precious Log:
 CPUs: 8 total, 8 available
 Memory: 32616M
 Large Page Support: Disabled
 NUMA Support: Disabled
 Compressed Oops: Enabled (Zero based)
 Heap Region Size: 4M
 Heap Min Capacity: 8M
 Heap Initial Capacity: 512M
 Heap Max Capacity: 8156M
 Pre-touch: Disabled
 Parallel Workers: 8
 Concurrent Workers: 2
 Concurrent Refinement Workers: 8
 Periodic GC: Disabled
Heap:
 garbage-first heap   total 450560K, used 177674K [0x0000000602400000, 0x0000000800000000)
  region size 4096K, 5 young (20480K), 4 survivors (16384K)
 Metaspace       used 67645K, committed 68800K, reserved 1114112K
  class space    used 10192K, committed 10688K, reserved 1048576K
GC Heap History (20 events):
Event: 3.452 GC heap before
{Heap before GC invocations=9 (full 0):
 garbage-first heap   total 372736K, used 276987K [0x0000000602400000, 0x0000000800000000)
  region size 4096K, 52 young (212992K), 1 survivors (4096K)
 Metaspace       used 27221K, committed 28096K, reserved 1114112K
  class space    used 3367K, committed 3776K, reserved 1048576K
}
Event: 3.454 GC heap after
{Heap after GC invocations=10 (full 0):
 garbage-first heap   total 372736K, used 68783K [0x0000000602400000, 0x0000000800000000)
  region size 4096K, 1 young (4096K), 1 survivors (4096K)
 Metaspace       used 27221K, committed 28096K, reserved 1114112K
  class space    used 3367K, committed 3776K, reserved 1048576K
}
Event: 3.750 GC heap before
{Heap before GC invocations=10 (full 0):
 garbage-first heap   total 372736K, used 285871K [0x0000000602400000, 0x0000000800000000)
  region size 4096K, 54 young (221184K), 1 survivors (4096K)
 Metaspace       used 28189K, committed 29056K, reserved 1114112K
  class space    used 3497K, committed 3904K, reserved 1048576K
}
Event: 3.755 GC heap after
{Heap after GC invocations=11 (full 0):
 garbage-first heap   total 372736K, used 77474K [0x0000000602400000, 0x0000000800000000)
  region size 4096K, 3 young (12288K), 3 survivors (12288K)
 Metaspace       used 28189K, committed 29056K, reserved 1114112K
  class space    used 3497K, committed 3904K, reserved 1048576K
}
Event: 4.060 GC heap before
{Heap before GC invocations=11 (full 0):
 garbage-first heap   total 372736K, used 286370K [0x0000000602400000, 0x0000000800000000)
  region size 4096K, 54 young (221184K), 3 survivors (12288K)
 Metaspace       used 30220K, committed 31040K, reserved 1114112K
  class space    used 3749K, committed 4096K, reserved 1048576K
}
Event: 4.064 GC heap after
{Heap after GC invocations=12 (full 0):
 garbage-first heap   total 372736K, used 83855K [0x0000000602400000, 0x0000000800000000)
  region size 4096K, 5 young (20480K), 5 survivors (20480K)
 Metaspace       used 30220K, committed 31040K, reserved 1114112K
  class space    used 3749K, committed 4096K, reserved 1048576K
}
Event: 4.960 GC heap before
{Heap before GC invocations=12 (full 0):
 garbage-first heap   total 372736K, used 296847K [0x0000000602400000, 0x0000000800000000)
  region size 4096K, 54 young (221184K), 5 survivors (20480K)
 Metaspace       used 33819K, committed 34752K, reserved 1114112K
  class space    used 4242K, committed 4672K, reserved 1048576K
}
Event: 4.966 GC heap after
{Heap after GC invocations=13 (full 0):
 garbage-first heap   total 372736K, used 101794K [0x0000000602400000, 0x0000000800000000)
  region size 4096K, 4 young (16384K), 4 survivors (16384K)
 Metaspace       used 33819K, committed 34752K, reserved 1114112K
  class space    used 4242K, committed 4672K, reserved 1048576K
}
Event: 5.231 GC heap before
{Heap before GC invocations=13 (full 0):
 garbage-first heap   total 372736K, used 171426K [0x0000000602400000, 0x0000000800000000)
  region size 4096K, 22 young (90112K), 4 survivors (16384K)
 Metaspace       used 35149K, committed 36096K, reserved 1114112K
  class space    used 4352K, committed 4800K, reserved 1048576K
}
Event: 5.235 GC heap after
{Heap after GC invocations=14 (full 0):
 garbage-first heap   total 372736K, used 102874K [0x0000000602400000, 0x0000000800000000)
  region size 4096K, 4 young (16384K), 4 survivors (16384K)
 Metaspace       used 35149K, committed 36096K, reserved 1114112K
  class space    used 4352K, committed 4800K, reserved 1048576K
}
Event: 6.076 GC heap before
{Heap before GC invocations=15 (full 0):
 garbage-first heap   total 372736K, used 299482K [0x0000000602400000, 0x0000000800000000)
  region size 4096K, 52 young (212992K), 4 survivors (16384K)
 Metaspace       used 44041K, committed 44992K, reserved 1114112K
  class space    used 5771K, committed 6208K, reserved 1048576K
}
Event: 6.085 GC heap after
{Heap after GC invocations=16 (full 0):
 garbage-first heap   total 372736K, used 114610K [0x0000000602400000, 0x0000000800000000)
  region size 4096K, 7 young (28672K), 7 survivors (28672K)
 Metaspace       used 44041K, committed 44992K, reserved 1114112K
  class space    used 5771K, committed 6208K, reserved 1048576K
}
Event: 6.378 GC heap before
{Heap before GC invocations=16 (full 0):
 garbage-first heap   total 372736K, used 298930K [0x0000000602400000, 0x0000000800000000)
  region size 4096K, 52 young (212992K), 7 survivors (28672K)
 Metaspace       used 45110K, committed 46144K, reserved 1114112K
  class space    used 5930K, committed 6400K, reserved 1048576K
}
Event: 6.393 GC heap after
{Heap after GC invocations=17 (full 0):
 garbage-first heap   total 450560K, used 132757K [0x0000000602400000, 0x0000000800000000)
  region size 4096K, 7 young (28672K), 7 survivors (28672K)
 Metaspace       used 45110K, committed 46144K, reserved 1114112K
  class space    used 5930K, committed 6400K, reserved 1048576K
}
Event: 7.309 GC heap before
{Heap before GC invocations=17 (full 0):
 garbage-first heap   total 450560K, used 358037K [0x0000000602400000, 0x0000000800000000)
  region size 4096K, 62 young (253952K), 7 survivors (28672K)
 Metaspace       used 55988K, committed 56960K, reserved 1114112K
  class space    used 8081K, committed 8512K, reserved 1048576K
}
Event: 7.327 GC heap after
{Heap after GC invocations=18 (full 0):
 garbage-first heap   total 450560K, used 161581K [0x0000000602400000, 0x0000000800000000)
  region size 4096K, 8 young (32768K), 8 survivors (32768K)
 Metaspace       used 55988K, committed 56960K, reserved 1114112K
  class space    used 8081K, committed 8512K, reserved 1048576K
}
Event: 7.582 GC heap before
{Heap before GC invocations=18 (full 0):
 garbage-first heap   total 450560K, used 198445K [0x0000000602400000, 0x0000000800000000)
  region size 4096K, 18 young (73728K), 8 survivors (32768K)
 Metaspace       used 59267K, committed 60288K, reserved 1114112K
  class space    used 8691K, committed 9152K, reserved 1048576K
}
Event: 7.592 GC heap after
{Heap after GC invocations=19 (full 0):
 garbage-first heap   total 450560K, used 169718K [0x0000000602400000, 0x0000000800000000)
  region size 4096K, 2 young (8192K), 2 survivors (8192K)
 Metaspace       used 59267K, committed 60288K, reserved 1114112K
  class space    used 8691K, committed 9152K, reserved 1048576K
}
Event: 8.514 GC heap before
{Heap before GC invocations=20 (full 0):
 garbage-first heap   total 450560K, used 358134K [0x0000000602400000, 0x0000000800000000)
  region size 4096K, 48 young (196608K), 2 survivors (8192K)
 Metaspace       used 67339K, committed 68480K, reserved 1114112K
  class space    used 10152K, committed 10624K, reserved 1048576K
}
Event: 8.520 GC heap after
{Heap after GC invocations=21 (full 0):
 garbage-first heap   total 450560K, used 177674K [0x0000000602400000, 0x0000000800000000)
  region size 4096K, 4 young (16384K), 4 survivors (16384K)
 Metaspace       used 67339K, committed 68480K, reserved 1114112K
  class space    used 10152K, committed 10624K, reserved 1048576K
}

