# JRE version: Java(TM) SE Runtime Environment (17.0.12+8) (build 17.0.12+8-LTS-286)
# Java VM: Java HotSpot(TM) 64-Bit Server VM (17.0.12+8-LTS-286, mixed mode, sharing, tiered, compressed oops, compressed class ptrs, g1 gc, windows-amd64)
GC Precious Log:
 CPUs: 8 total, 8 available
 Memory: 32616M
 Large Page Support: Disabled
 NUMA Support: Disabled
 Compressed Oops: Enabled (Zero based)
 Heap Region Size: 4M
 Heap Min Capacity: 8M
 Heap Initial Capacity: 512M
 Heap Max Capacity: 8156M
 Pre-touch: Disabled
 Parallel Workers: 8
 Concurrent Workers: 2
 Concurrent Refinement Workers: 8
 Periodic GC: Disabled
Heap:
 garbage-first heap   total 430080K, used 275573K [0x0000000602400000, 0x0000000800000000)
  region size 4096K, 27 young (110592K), 2 survivors (8192K)
 Metaspace       used 67655K, committed 68800K, reserved 1114112K
  class space    used 10183K, committed 10688K, reserved 1048576K
GC Heap History (20 events):
Event: 3.755 GC heap before
{Heap before GC invocations=12 (full 0):
 garbage-first heap   total 258048K, used 199223K [0x0000000602400000, 0x0000000800000000)
  region size 4096K, 32 young (131072K), 3 survivors (12288K)
 Metaspace       used 28903K, committed 29760K, reserved 1114112K
  class space    used 3570K, committed 3968K, reserved 1048576K
}
Event: 3.760 GC heap after
{Heap after GC invocations=13 (full 0):
 garbage-first heap   total 258048K, used 84724K [0x0000000602400000, 0x0000000800000000)
  region size 4096K, 3 young (12288K), 3 survivors (12288K)
 Metaspace       used 28903K, committed 29760K, reserved 1114112K
  class space    used 3570K, committed 3968K, reserved 1048576K
}
Event: 3.959 GC heap before
{Heap before GC invocations=13 (full 0):
 garbage-first heap   total 258048K, used 215796K [0x0000000602400000, 0x0000000800000000)
  region size 4096K, 32 young (131072K), 3 survivors (12288K)
 Metaspace       used 31153K, committed 32000K, reserved 1114112K
  class space    used 3880K, committed 4224K, reserved 1048576K
}
Event: 3.964 GC heap after
{Heap after GC invocations=14 (full 0):
 garbage-first heap   total 311296K, used 100430K [0x0000000602400000, 0x0000000800000000)
  region size 4096K, 2 young (8192K), 2 survivors (8192K)
 Metaspace       used 31153K, committed 32000K, reserved 1114112K
  class space    used 3880K, committed 4224K, reserved 1048576K
}
Event: 4.645 GC heap before
{Heap before GC invocations=14 (full 0):
 garbage-first heap   total 311296K, used 251982K [0x0000000602400000, 0x0000000800000000)
  region size 4096K, 39 young (159744K), 2 survivors (8192K)
 Metaspace       used 33770K, committed 34688K, reserved 1114112K
  class space    used 4237K, committed 4672K, reserved 1048576K
}
Event: 4.649 GC heap after
{Heap after GC invocations=15 (full 0):
 garbage-first heap   total 311296K, used 103527K [0x0000000602400000, 0x0000000800000000)
  region size 4096K, 3 young (12288K), 3 survivors (12288K)
 Metaspace       used 33770K, committed 34688K, reserved 1114112K
  class space    used 4237K, committed 4672K, reserved 1048576K
}
Event: 4.966 GC heap before
{Heap before GC invocations=15 (full 0):
 garbage-first heap   total 311296K, used 189543K [0x0000000602400000, 0x0000000800000000)
  region size 4096K, 25 young (102400K), 3 survivors (12288K)
 Metaspace       used 35155K, committed 36096K, reserved 1114112K
  class space    used 4352K, committed 4800K, reserved 1048576K
}
Event: 4.970 GC heap after
{Heap after GC invocations=16 (full 0):
 garbage-first heap   total 311296K, used 105767K [0x0000000602400000, 0x0000000800000000)
  region size 4096K, 4 young (16384K), 4 survivors (16384K)
 Metaspace       used 35155K, committed 36096K, reserved 1114112K
  class space    used 4352K, committed 4800K, reserved 1048576K
}
Event: 5.637 GC heap before
{Heap before GC invocations=17 (full 0):
 garbage-first heap   total 311296K, used 253223K [0x0000000602400000, 0x0000000800000000)
  region size 4096K, 40 young (163840K), 4 survivors (16384K)
 Metaspace       used 43474K, committed 44480K, reserved 1114112K
  class space    used 5686K, committed 6144K, reserved 1048576K
}
Event: 5.645 GC heap after
{Heap after GC invocations=18 (full 0):
 garbage-first heap   total 311296K, used 113523K [0x0000000602400000, 0x0000000800000000)
  region size 4096K, 5 young (20480K), 5 survivors (20480K)
 Metaspace       used 43474K, committed 44480K, reserved 1114112K
  class space    used 5686K, committed 6144K, reserved 1048576K
}
Event: 5.951 GC heap before
{Heap before GC invocations=19 (full 0):
 garbage-first heap   total 311296K, used 248691K [0x0000000602400000, 0x0000000800000000)
  region size 4096K, 38 young (155648K), 5 survivors (20480K)
 Metaspace       used 44661K, committed 45696K, reserved 1114112K
  class space    used 5888K, committed 6336K, reserved 1048576K
}
Event: 5.963 GC heap after
{Heap after GC invocations=20 (full 0):
 garbage-first heap   total 311296K, used 127710K [0x0000000602400000, 0x0000000800000000)
  region size 4096K, 5 young (20480K), 5 survivors (20480K)
 Metaspace       used 44661K, committed 45696K, reserved 1114112K
  class space    used 5888K, committed 6336K, reserved 1048576K
}
Event: 6.133 GC heap before
{Heap before GC invocations=20 (full 0):
 garbage-first heap   total 311296K, used 250590K [0x0000000602400000, 0x0000000800000000)
  region size 4096K, 35 young (143360K), 5 survivors (20480K)
 Metaspace       used 45173K, committed 46144K, reserved 1114112K
  class space    used 5959K, committed 6400K, reserved 1048576K
}
Event: 6.145 GC heap after
{Heap after GC invocations=21 (full 0):
 garbage-first heap   total 311296K, used 141894K [0x0000000602400000, 0x0000000800000000)
  region size 4096K, 4 young (16384K), 4 survivors (16384K)
 Metaspace       used 45173K, committed 46144K, reserved 1114112K
  class space    used 5959K, committed 6400K, reserved 1048576K
}
Event: 6.470 GC heap before
{Heap before GC invocations=21 (full 0):
 garbage-first heap   total 311296K, used 244294K [0x0000000602400000, 0x0000000800000000)
  region size 4096K, 29 young (118784K), 4 survivors (16384K)
 Metaspace       used 49653K, committed 50624K, reserved 1114112K
  class space    used 6623K, committed 7040K, reserved 1048576K
}
Event: 6.477 GC heap after
{Heap after GC invocations=22 (full 0):
 garbage-first heap   total 311296K, used 155114K [0x0000000602400000, 0x0000000800000000)
  region size 4096K, 4 young (16384K), 4 survivors (16384K)
 Metaspace       used 49653K, committed 50624K, reserved 1114112K
  class space    used 6623K, committed 7040K, reserved 1048576K
}
Event: 6.875 GC heap before
{Heap before GC invocations=22 (full 0):
 garbage-first heap   total 311296K, used 241130K [0x0000000602400000, 0x0000000800000000)
  region size 4096K, 25 young (102400K), 4 survivors (16384K)
 Metaspace       used 55383K, committed 56384K, reserved 1114112K
  class space    used 7955K, committed 8384K, reserved 1048576K
}
Event: 6.882 GC heap after
{Heap after GC invocations=23 (full 0):
 garbage-first heap   total 430080K, used 168781K [0x0000000602400000, 0x0000000800000000)
  region size 4096K, 4 young (16384K), 4 survivors (16384K)
 Metaspace       used 55383K, committed 56384K, reserved 1114112K
  class space    used 7955K, committed 8384K, reserved 1048576K
}
Event: 7.521 GC heap before
{Heap before GC invocations=24 (full 0):
 garbage-first heap   total 430080K, used 303949K [0x0000000602400000, 0x0000000800000000)
  region size 4096K, 37 young (151552K), 4 survivors (16384K)
 Metaspace       used 61940K, committed 63040K, reserved 1114112K
  class space    used 9241K, committed 9728K, reserved 1048576K
}
Event: 7.527 GC heap after
{Heap after GC invocations=25 (full 0):
 garbage-first heap   total 430080K, used 177269K [0x0000000602400000, 0x0000000800000000)
  region size 4096K, 2 young (8192K), 2 survivors (8192K)
 Metaspace       used 61940K, committed 63040K, reserved 1114112K
  class space    used 9241K, committed 9728K, reserved 1048576K
}

