# JRE version: Java(TM) SE Runtime Environment (17.0.12+8) (build 17.0.12+8-LTS-286)
# Java VM: Java HotSpot(TM) 64-Bit Server VM (17.0.12+8-LTS-286, mixed mode, sharing, tiered, compressed oops, compressed class ptrs, g1 gc, windows-amd64)
GC Precious Log:
 CPUs: 8 total, 8 available
 Memory: 32616M
 Large Page Support: Disabled
 NUMA Support: Disabled
 Compressed Oops: Enabled (Zero based)
 Heap Region Size: 4M
 Heap Min Capacity: 8M
 Heap Initial Capacity: 512M
 Heap Max Capacity: 8156M
 Pre-touch: Disabled
 Parallel Workers: 8
 Concurrent Workers: 2
 Concurrent Refinement Workers: 8
 Periodic GC: Disabled
Heap:
 garbage-first heap   total 491520K, used 359324K [0x0000000602400000, 0x0000000800000000)
  region size 4096K, 49 young (200704K), 2 survivors (8192K)
 Metaspace       used 67637K, committed 68800K, reserved 1114112K
  class space    used 10182K, committed 10688K, reserved 1048576K
GC Heap History (20 events):
Event: 3.041 GC heap before
{Heap before GC invocations=8 (full 0):
 garbage-first heap   total 245760K, used 167831K [0x0000000602400000, 0x0000000800000000)
  region size 4096K, 25 young (102400K), 1 survivors (4096K)
 Metaspace       used 27198K, committed 28096K, reserved 1114112K
  class space    used 3363K, committed 3776K, reserved 1048576K
}
Event: 3.043 GC heap after
{Heap after GC invocations=9 (full 0):
 garbage-first heap   total 245760K, used 68840K [0x0000000602400000, 0x0000000800000000)
  region size 4096K, 1 young (4096K), 1 survivors (4096K)
 Metaspace       used 27198K, committed 28096K, reserved 1114112K
  class space    used 3363K, committed 3776K, reserved 1048576K
}
Event: 3.142 GC heap before
{Heap before GC invocations=9 (full 0):
 garbage-first heap   total 245760K, used 175336K [0x0000000602400000, 0x0000000800000000)
  region size 4096K, 27 young (110592K), 1 survivors (4096K)
 Metaspace       used 27211K, committed 28096K, reserved 1114112K
  class space    used 3366K, committed 3776K, reserved 1048576K
}
Event: 3.143 GC heap after
{Heap after GC invocations=10 (full 0):
 garbage-first heap   total 245760K, used 69101K [0x0000000602400000, 0x0000000800000000)
  region size 4096K, 1 young (4096K), 1 survivors (4096K)
 Metaspace       used 27211K, committed 28096K, reserved 1114112K
  class space    used 3366K, committed 3776K, reserved 1048576K
}
Event: 3.303 GC heap before
{Heap before GC invocations=10 (full 0):
 garbage-first heap   total 245760K, used 183789K [0x0000000602400000, 0x0000000800000000)
  region size 4096K, 29 young (118784K), 1 survivors (4096K)
 Metaspace       used 27759K, committed 28672K, reserved 1114112K
  class space    used 3431K, committed 3840K, reserved 1048576K
}
Event: 3.304 GC heap after
{Heap after GC invocations=11 (full 0):
 garbage-first heap   total 245760K, used 70261K [0x0000000602400000, 0x0000000800000000)
  region size 4096K, 1 young (4096K), 1 survivors (4096K)
 Metaspace       used 27759K, committed 28672K, reserved 1114112K
  class space    used 3431K, committed 3840K, reserved 1048576K
}
Event: 3.472 GC heap before
{Heap before GC invocations=11 (full 0):
 garbage-first heap   total 245760K, used 189045K [0x0000000602400000, 0x0000000800000000)
  region size 4096K, 31 young (126976K), 1 survivors (4096K)
 Metaspace       used 28199K, committed 28992K, reserved 1114112K
  class space    used 3497K, committed 3840K, reserved 1048576K
}
Event: 3.476 GC heap after
{Heap after GC invocations=12 (full 0):
 garbage-first heap   total 479232K, used 76231K [0x0000000602400000, 0x0000000800000000)
  region size 4096K, 3 young (12288K), 3 survivors (12288K)
 Metaspace       used 28199K, committed 28992K, reserved 1114112K
  class space    used 3497K, committed 3840K, reserved 1048576K
}
Event: 3.866 GC heap before
{Heap before GC invocations=12 (full 0):
 garbage-first heap   total 479232K, used 350663K [0x0000000602400000, 0x0000000800000000)
  region size 4096K, 70 young (286720K), 3 survivors (12288K)
 Metaspace       used 30295K, committed 31168K, reserved 1114112K
  class space    used 3766K, committed 4160K, reserved 1048576K
}
Event: 3.873 GC heap after
{Heap after GC invocations=13 (full 0):
 garbage-first heap   total 479232K, used 84475K [0x0000000602400000, 0x0000000800000000)
  region size 4096K, 5 young (20480K), 5 survivors (20480K)
 Metaspace       used 30295K, committed 31168K, reserved 1114112K
  class space    used 3766K, committed 4160K, reserved 1048576K
}
Event: 4.868 GC heap before
{Heap before GC invocations=13 (full 0):
 garbage-first heap   total 479232K, used 317947K [0x0000000602400000, 0x0000000800000000)
  region size 4096K, 60 young (245760K), 5 survivors (20480K)
 Metaspace       used 35151K, committed 36096K, reserved 1114112K
  class space    used 4351K, committed 4800K, reserved 1048576K
}
Event: 4.874 GC heap after
{Heap after GC invocations=14 (full 0):
 garbage-first heap   total 479232K, used 103068K [0x0000000602400000, 0x0000000800000000)
  region size 4096K, 6 young (24576K), 6 survivors (24576K)
 Metaspace       used 35151K, committed 36096K, reserved 1114112K
  class space    used 4351K, committed 4800K, reserved 1048576K
}
Event: 5.752 GC heap before
{Heap before GC invocations=15 (full 0):
 garbage-first heap   total 409600K, used 324252K [0x0000000602400000, 0x0000000800000000)
  region size 4096K, 60 young (245760K), 6 survivors (24576K)
 Metaspace       used 43628K, committed 44608K, reserved 1114112K
  class space    used 5701K, committed 6144K, reserved 1048576K
}
Event: 5.761 GC heap after
{Heap after GC invocations=16 (full 0):
 garbage-first heap   total 409600K, used 115342K [0x0000000602400000, 0x0000000800000000)
  region size 4096K, 7 young (28672K), 7 survivors (28672K)
 Metaspace       used 43628K, committed 44608K, reserved 1114112K
  class space    used 5701K, committed 6144K, reserved 1048576K
}
Event: 6.231 GC heap before
{Heap before GC invocations=16 (full 0):
 garbage-first heap   total 409600K, used 332430K [0x0000000602400000, 0x0000000800000000)
  region size 4096K, 60 young (245760K), 7 survivors (28672K)
 Metaspace       used 45105K, committed 46144K, reserved 1114112K
  class space    used 5928K, committed 6400K, reserved 1048576K
}
Event: 6.246 GC heap after
{Heap after GC invocations=17 (full 0):
 garbage-first heap   total 409600K, used 136424K [0x0000000602400000, 0x0000000800000000)
  region size 4096K, 8 young (32768K), 8 survivors (32768K)
 Metaspace       used 45105K, committed 46144K, reserved 1114112K
  class space    used 5928K, committed 6400K, reserved 1048576K
}
Event: 6.981 GC heap before
{Heap before GC invocations=17 (full 0):
 garbage-first heap   total 409600K, used 328936K [0x0000000602400000, 0x0000000800000000)
  region size 4096K, 55 young (225280K), 8 survivors (32768K)
 Metaspace       used 54456K, committed 55552K, reserved 1114112K
  class space    used 7744K, committed 8256K, reserved 1048576K
}
Event: 6.997 GC heap after
{Heap after GC invocations=18 (full 0):
 garbage-first heap   total 491520K, used 165439K [0x0000000602400000, 0x0000000800000000)
  region size 4096K, 7 young (28672K), 7 survivors (28672K)
 Metaspace       used 54456K, committed 55552K, reserved 1114112K
  class space    used 7744K, committed 8256K, reserved 1048576K
}
Event: 7.333 GC heap before
{Heap before GC invocations=18 (full 0):
 garbage-first heap   total 491520K, used 222783K [0x0000000602400000, 0x0000000800000000)
  region size 4096K, 22 young (90112K), 7 survivors (28672K)
 Metaspace       used 59254K, committed 60288K, reserved 1114112K
  class space    used 8678K, committed 9152K, reserved 1048576K
}
Event: 7.341 GC heap after
{Heap after GC invocations=19 (full 0):
 garbage-first heap   total 491520K, used 170908K [0x0000000602400000, 0x0000000800000000)
  region size 4096K, 2 young (8192K), 2 survivors (8192K)
 Metaspace       used 59254K, committed 60288K, reserved 1114112K
  class space    used 8678K, committed 9152K, reserved 1048576K
}

