# JRE version: OpenJDK Runtime Environment Temurin-17.0.5+8 (17.0.5+8) (build 17.0.5+8)
# Java VM: OpenJDK 64-Bit Server VM Temurin-17.0.5+8 (17.0.5+8, mixed mode, sharing, tiered, compressed oops, compressed class ptrs, g1 gc, windows-amd64)
GC Precious Log:
 CPUs: 8 total, 8 available
 Memory: 32616M
 Large Page Support: Disabled
 NUMA Support: Disabled
 Compressed Oops: Enabled (Zero based)
 Heap Region Size: 4M
 Heap Min Capacity: 8M
 Heap Initial Capacity: 512M
 Heap Max Capacity: 8156M
 Pre-touch: Disabled
 Parallel Workers: 8
 Concurrent Workers: 2
 Concurrent Refinement Workers: 8
 Periodic GC: Disabled
Heap:
 garbage-first heap   total 397312K, used 302023K [0x0000000602400000, 0x0000000800000000)
  region size 4096K, 35 young (143360K), 2 survivors (8192K)
 Metaspace       used 67616K, committed 68800K, reserved 1114112K
  class space    used 10162K, committed 10688K, reserved 1048576K
GC Heap History (20 events):
Event: 3.419 GC heap before
{Heap before GC invocations=8 (full 0):
 garbage-first heap   total 221184K, used 71069K [0x0000000602400000, 0x0000000800000000)
  region size 4096K, 5 young (20480K), 4 survivors (16384K)
 Metaspace       used 26613K, committed 27456K, reserved 1073152K
  class space    used 3281K, committed 3648K, reserved 1048576K
}
Event: 3.425 GC heap after
{Heap after GC invocations=9 (full 0):
 garbage-first heap   total 221184K, used 70008K [0x0000000602400000, 0x0000000800000000)
  region size 4096K, 1 young (4096K), 1 survivors (4096K)
 Metaspace       used 26613K, committed 27456K, reserved 1073152K
  class space    used 3281K, committed 3648K, reserved 1048576K
}
Event: 3.511 GC heap before
{Heap before GC invocations=9 (full 0):
 garbage-first heap   total 221184K, used 156024K [0x0000000602400000, 0x0000000800000000)
  region size 4096K, 22 young (90112K), 1 survivors (4096K)
 Metaspace       used 27022K, committed 27840K, reserved 1073152K
  class space    used 3343K, committed 3712K, reserved 1048576K
}
Event: 3.513 GC heap after
{Heap after GC invocations=10 (full 0):
 garbage-first heap   total 507904K, used 68760K [0x0000000602400000, 0x0000000800000000)
  region size 4096K, 1 young (4096K), 1 survivors (4096K)
 Metaspace       used 27022K, committed 27840K, reserved 1073152K
  class space    used 3343K, committed 3712K, reserved 1048576K
}
Event: 4.019 GC heap before
{Heap before GC invocations=10 (full 0):
 garbage-first heap   total 507904K, used 351384K [0x0000000602400000, 0x0000000800000000)
  region size 4096K, 70 young (286720K), 1 survivors (4096K)
 Metaspace       used 28020K, committed 28800K, reserved 1081344K
  class space    used 3476K, committed 3840K, reserved 1048576K
}
Event: 4.023 GC heap after
{Heap after GC invocations=11 (full 0):
 garbage-first heap   total 507904K, used 74653K [0x0000000602400000, 0x0000000800000000)
  region size 4096K, 2 young (8192K), 2 survivors (8192K)
 Metaspace       used 28020K, committed 28800K, reserved 1081344K
  class space    used 3476K, committed 3840K, reserved 1048576K
}
Event: 4.664 GC heap before
{Heap before GC invocations=11 (full 0):
 garbage-first heap   total 507904K, used 381853K [0x0000000602400000, 0x0000000800000000)
  region size 4096K, 74 young (303104K), 2 survivors (8192K)
 Metaspace       used 31535K, committed 32384K, reserved 1081344K
  class space    used 3927K, committed 4288K, reserved 1048576K
}
Event: 4.669 GC heap after
{Heap after GC invocations=12 (full 0):
 garbage-first heap   total 507904K, used 95124K [0x0000000602400000, 0x0000000800000000)
  region size 4096K, 4 young (16384K), 4 survivors (16384K)
 Metaspace       used 31535K, committed 32384K, reserved 1081344K
  class space    used 3927K, committed 4288K, reserved 1048576K
}
Event: 5.587 GC heap before
{Heap before GC invocations=12 (full 0):
 garbage-first heap   total 507904K, used 381844K [0x0000000602400000, 0x0000000800000000)
  region size 4096K, 74 young (303104K), 4 survivors (16384K)
 Metaspace       used 34481K, committed 35392K, reserved 1081344K
  class space    used 4283K, committed 4672K, reserved 1048576K
}
Event: 5.593 GC heap after
{Heap after GC invocations=13 (full 0):
 garbage-first heap   total 507904K, used 102318K [0x0000000602400000, 0x0000000800000000)
  region size 4096K, 6 young (24576K), 6 survivors (24576K)
 Metaspace       used 34481K, committed 35392K, reserved 1081344K
  class space    used 4283K, committed 4672K, reserved 1048576K
}
Event: 5.783 GC heap before
{Heap before GC invocations=13 (full 0):
 garbage-first heap   total 507904K, used 163758K [0x0000000602400000, 0x0000000800000000)
  region size 4096K, 22 young (90112K), 6 survivors (24576K)
 Metaspace       used 35458K, committed 36288K, reserved 1081344K
  class space    used 4376K, committed 4736K, reserved 1048576K
}
Event: 5.788 GC heap after
{Heap after GC invocations=14 (full 0):
 garbage-first heap   total 507904K, used 103085K [0x0000000602400000, 0x0000000800000000)
  region size 4096K, 5 young (20480K), 5 survivors (20480K)
 Metaspace       used 35458K, committed 36288K, reserved 1081344K
  class space    used 4376K, committed 4736K, reserved 1048576K
}
Event: 6.638 GC heap before
{Heap before GC invocations=15 (full 0):
 garbage-first heap   total 397312K, used 320173K [0x0000000602400000, 0x0000000800000000)
  region size 4096K, 58 young (237568K), 5 survivors (20480K)
 Metaspace       used 44094K, committed 45120K, reserved 1089536K
  class space    used 5783K, committed 6272K, reserved 1048576K
}
Event: 6.650 GC heap after
{Heap after GC invocations=16 (full 0):
 garbage-first heap   total 397312K, used 118181K [0x0000000602400000, 0x0000000800000000)
  region size 4096K, 8 young (32768K), 8 survivors (32768K)
 Metaspace       used 44094K, committed 45120K, reserved 1089536K
  class space    used 5783K, committed 6272K, reserved 1048576K
}
Event: 6.967 GC heap before
{Heap before GC invocations=17 (full 0):
 garbage-first heap   total 397312K, used 314789K [0x0000000602400000, 0x0000000800000000)
  region size 4096K, 56 young (229376K), 8 survivors (32768K)
 Metaspace       used 45020K, committed 46080K, reserved 1089536K
  class space    used 5930K, committed 6400K, reserved 1048576K
}
Event: 6.982 GC heap after
{Heap after GC invocations=18 (full 0):
 garbage-first heap   total 397312K, used 135854K [0x0000000602400000, 0x0000000800000000)
  region size 4096K, 7 young (28672K), 7 survivors (28672K)
 Metaspace       used 45020K, committed 46080K, reserved 1089536K
  class space    used 5930K, committed 6400K, reserved 1048576K
}
Event: 7.575 GC heap before
{Heap before GC invocations=18 (full 0):
 garbage-first heap   total 397312K, used 307886K [0x0000000602400000, 0x0000000800000000)
  region size 4096K, 49 young (200704K), 7 survivors (28672K)
 Metaspace       used 52992K, committed 54016K, reserved 1097728K
  class space    used 7407K, committed 7872K, reserved 1048576K
}
Event: 7.588 GC heap after
{Heap after GC invocations=19 (full 0):
 garbage-first heap   total 397312K, used 163173K [0x0000000602400000, 0x0000000800000000)
  region size 4096K, 7 young (28672K), 7 survivors (28672K)
 Metaspace       used 52992K, committed 54016K, reserved 1097728K
  class space    used 7407K, committed 7872K, reserved 1048576K
}
Event: 8.230 GC heap before
{Heap before GC invocations=19 (full 0):
 garbage-first heap   total 397312K, used 302437K [0x0000000602400000, 0x0000000800000000)
  region size 4096K, 41 young (167936K), 7 survivors (28672K)
 Metaspace       used 60241K, committed 61312K, reserved 1105920K
  class space    used 8886K, committed 9408K, reserved 1048576K
}
Event: 8.238 GC heap after
{Heap after GC invocations=20 (full 0):
 garbage-first heap   total 397312K, used 170951K [0x0000000602400000, 0x0000000800000000)
  region size 4096K, 2 young (8192K), 2 survivors (8192K)
 Metaspace       used 60241K, committed 61312K, reserved 1105920K
  class space    used 8886K, committed 9408K, reserved 1048576K
}

