# JRE version: Java(TM) SE Runtime Environment (17.0.12+8) (build 17.0.12+8-LTS-286)
# Java VM: Java HotSpot(TM) 64-Bit Server VM (17.0.12+8-LTS-286, mixed mode, sharing, tiered, compressed oops, compressed class ptrs, g1 gc, windows-amd64)
GC Precious Log:
 CPUs: 8 total, 8 available
 Memory: 32616M
 Large Page Support: Disabled
 NUMA Support: Disabled
 Compressed Oops: Enabled (Zero based)
 Heap Region Size: 4M
 Heap Min Capacity: 8M
 Heap Initial Capacity: 512M
 Heap Max Capacity: 8156M
 Pre-touch: Disabled
 Parallel Workers: 8
 Concurrent Workers: 2
 Concurrent Refinement Workers: 8
 Periodic GC: Disabled
Heap:
 garbage-first heap   total 364544K, used 252154K [0x0000000602400000, 0x0000000800000000)
  region size 4096K, 23 young (94208K), 3 survivors (12288K)
 Metaspace       used 67588K, committed 68736K, reserved 1114112K
  class space    used 10175K, committed 10688K, reserved 1048576K
GC Heap History (20 events):
Event: 3.840 GC heap before
{Heap before GC invocations=12 (full 0):
 garbage-first heap   total 245760K, used 191217K [0x0000000602400000, 0x0000000800000000)
  region size 4096K, 30 young (122880K), 3 survivors (12288K)
 Metaspace       used 28931K, committed 29824K, reserved 1114112K
  class space    used 3563K, committed 3968K, reserved 1048576K
}
Event: 3.846 GC heap after
{Heap after GC invocations=13 (full 0):
 garbage-first heap   total 303104K, used 84180K [0x0000000602400000, 0x0000000800000000)
  region size 4096K, 3 young (12288K), 3 survivors (12288K)
 Metaspace       used 28931K, committed 29824K, reserved 1114112K
  class space    used 3563K, committed 3968K, reserved 1048576K
}
Event: 4.223 GC heap before
{Heap before GC invocations=13 (full 0):
 garbage-first heap   total 303104K, used 252116K [0x0000000602400000, 0x0000000800000000)
  region size 4096K, 41 young (167936K), 3 survivors (12288K)
 Metaspace       used 33040K, committed 33920K, reserved 1114112K
  class space    used 4104K, committed 4480K, reserved 1048576K
}
Event: 4.227 GC heap after
{Heap after GC invocations=14 (full 0):
 garbage-first heap   total 303104K, used 100020K [0x0000000602400000, 0x0000000800000000)
  region size 4096K, 3 young (12288K), 3 survivors (12288K)
 Metaspace       used 33040K, committed 33920K, reserved 1114112K
  class space    used 4104K, committed 4480K, reserved 1048576K
}
Event: 4.976 GC heap before
{Heap before GC invocations=14 (full 0):
 garbage-first heap   total 303104K, used 247476K [0x0000000602400000, 0x0000000800000000)
  region size 4096K, 39 young (159744K), 3 survivors (12288K)
 Metaspace       used 34297K, committed 35200K, reserved 1114112K
  class space    used 4275K, committed 4672K, reserved 1048576K
}
Event: 4.981 GC heap after
{Heap after GC invocations=15 (full 0):
 garbage-first heap   total 303104K, used 104175K [0x0000000602400000, 0x0000000800000000)
  region size 4096K, 3 young (12288K), 3 survivors (12288K)
 Metaspace       used 34297K, committed 35200K, reserved 1114112K
  class space    used 4275K, committed 4672K, reserved 1048576K
}
Event: 5.141 GC heap before
{Heap before GC invocations=15 (full 0):
 garbage-first heap   total 303104K, used 157423K [0x0000000602400000, 0x0000000800000000)
  region size 4096K, 17 young (69632K), 3 survivors (12288K)
 Metaspace       used 35223K, committed 36096K, reserved 1114112K
  class space    used 4352K, committed 4736K, reserved 1048576K
}
Event: 5.145 GC heap after
{Heap after GC invocations=16 (full 0):
 garbage-first heap   total 303104K, used 105206K [0x0000000602400000, 0x0000000800000000)
  region size 4096K, 3 young (12288K), 3 survivors (12288K)
 Metaspace       used 35223K, committed 36096K, reserved 1114112K
  class space    used 4352K, committed 4736K, reserved 1048576K
}
Event: 5.869 GC heap before
{Heap before GC invocations=17 (full 0):
 garbage-first heap   total 303104K, used 248566K [0x0000000602400000, 0x0000000800000000)
  region size 4096K, 38 young (155648K), 3 survivors (12288K)
 Metaspace       used 42986K, committed 44032K, reserved 1114112K
  class space    used 5592K, committed 6080K, reserved 1048576K
}
Event: 5.876 GC heap after
{Heap after GC invocations=18 (full 0):
 garbage-first heap   total 303104K, used 111624K [0x0000000602400000, 0x0000000800000000)
  region size 4096K, 4 young (16384K), 4 survivors (16384K)
 Metaspace       used 42986K, committed 44032K, reserved 1114112K
  class space    used 5592K, committed 6080K, reserved 1048576K
}
Event: 6.225 GC heap before
{Heap before GC invocations=18 (full 0):
 garbage-first heap   total 303104K, used 250888K [0x0000000602400000, 0x0000000800000000)
  region size 4096K, 38 young (155648K), 4 survivors (16384K)
 Metaspace       used 44747K, committed 45760K, reserved 1114112K
  class space    used 5883K, committed 6336K, reserved 1048576K
}
Event: 6.240 GC heap after
{Heap after GC invocations=19 (full 0):
 garbage-first heap   total 303104K, used 126561K [0x0000000602400000, 0x0000000800000000)
  region size 4096K, 5 young (20480K), 5 survivors (20480K)
 Metaspace       used 44747K, committed 45760K, reserved 1114112K
  class space    used 5883K, committed 6336K, reserved 1048576K
}
Event: 6.390 GC heap before
{Heap before GC invocations=19 (full 0):
 garbage-first heap   total 303104K, used 241249K [0x0000000602400000, 0x0000000800000000)
  region size 4096K, 33 young (135168K), 5 survivors (20480K)
 Metaspace       used 45081K, committed 46144K, reserved 1114112K
  class space    used 5923K, committed 6400K, reserved 1048576K
}
Event: 6.401 GC heap after
{Heap after GC invocations=20 (full 0):
 garbage-first heap   total 364544K, used 139348K [0x0000000602400000, 0x0000000800000000)
  region size 4096K, 3 young (12288K), 3 survivors (12288K)
 Metaspace       used 45081K, committed 46144K, reserved 1114112K
  class space    used 5923K, committed 6400K, reserved 1048576K
}
Event: 6.960 GC heap before
{Heap before GC invocations=20 (full 0):
 garbage-first heap   total 364544K, used 286804K [0x0000000602400000, 0x0000000800000000)
  region size 4096K, 39 young (159744K), 3 survivors (12288K)
 Metaspace       used 50735K, committed 51776K, reserved 1114112K
  class space    used 6812K, committed 7296K, reserved 1048576K
}
Event: 6.970 GC heap after
{Heap after GC invocations=21 (full 0):
 garbage-first heap   total 364544K, used 163067K [0x0000000602400000, 0x0000000800000000)
  region size 4096K, 5 young (20480K), 5 survivors (20480K)
 Metaspace       used 50735K, committed 51776K, reserved 1114112K
  class space    used 6812K, committed 7296K, reserved 1048576K
}
Event: 7.525 GC heap before
{Heap before GC invocations=21 (full 0):
 garbage-first heap   total 364544K, used 265467K [0x0000000602400000, 0x0000000800000000)
  region size 4096K, 31 young (126976K), 5 survivors (20480K)
 Metaspace       used 59184K, committed 60288K, reserved 1114112K
  class space    used 8663K, committed 9152K, reserved 1048576K
}
Event: 7.531 GC heap after
{Heap after GC invocations=22 (full 0):
 garbage-first heap   total 364544K, used 170779K [0x0000000602400000, 0x0000000800000000)
  region size 4096K, 2 young (8192K), 2 survivors (8192K)
 Metaspace       used 59184K, committed 60288K, reserved 1114112K
  class space    used 8663K, committed 9152K, reserved 1048576K
}
Event: 7.967 GC heap before
{Heap before GC invocations=23 (full 0):
 garbage-first heap   total 364544K, used 285467K [0x0000000602400000, 0x0000000800000000)
  region size 4096K, 30 young (122880K), 2 survivors (8192K)
 Metaspace       used 63188K, committed 64320K, reserved 1114112K
  class space    used 9462K, committed 9984K, reserved 1048576K
}
Event: 7.971 GC heap after
{Heap after GC invocations=24 (full 0):
 garbage-first heap   total 364544K, used 174330K [0x0000000602400000, 0x0000000800000000)
  region size 4096K, 3 young (12288K), 3 survivors (12288K)
 Metaspace       used 63188K, committed 64320K, reserved 1114112K
  class space    used 9462K, committed 9984K, reserved 1048576K
}

