# JRE version: Java(TM) SE Runtime Environment (17.0.12+8) (build 17.0.12+8-LTS-286)
# Java VM: Java HotSpot(TM) 64-Bit Server VM (17.0.12+8-LTS-286, mixed mode, sharing, tiered, compressed oops, compressed class ptrs, g1 gc, windows-amd64)
GC Precious Log:
 CPUs: 8 total, 8 available
 Memory: 32616M
 Large Page Support: Disabled
 NUMA Support: Disabled
 Compressed Oops: Enabled (Zero based)
 Heap Region Size: 4M
 Heap Min Capacity: 8M
 Heap Initial Capacity: 512M
 Heap Max Capacity: 8156M
 Pre-touch: Disabled
 Parallel Workers: 8
 Concurrent Workers: 2
 Concurrent Refinement Workers: 8
 Periodic GC: Disabled
Heap:
 garbage-first heap   total 491520K, used 370588K [0x0000000602400000, 0x0000000800000000)
  region size 4096K, 52 young (212992K), 2 survivors (8192K)
 Metaspace       used 67629K, committed 68800K, reserved 1114112K
  class space    used 10179K, committed 10688K, reserved 1048576K
GC Heap History (20 events):
Event: 3.147 GC heap before
{Heap before GC invocations=9 (full 0):
 garbage-first heap   total 245760K, used 178815K [0x0000000602400000, 0x0000000800000000)
  region size 4096K, 28 young (114688K), 1 survivors (4096K)
 Metaspace       used 27227K, committed 28032K, reserved 1114112K
  class space    used 3364K, committed 3712K, reserved 1048576K
}
Event: 3.148 GC heap after
{Heap after GC invocations=10 (full 0):
 garbage-first heap   total 245760K, used 68184K [0x0000000602400000, 0x0000000800000000)
  region size 4096K, 1 young (4096K), 1 survivors (4096K)
 Metaspace       used 27227K, committed 28032K, reserved 1114112K
  class space    used 3364K, committed 3712K, reserved 1048576K
}
Event: 3.283 GC heap before
{Heap before GC invocations=10 (full 0):
 garbage-first heap   total 245760K, used 182872K [0x0000000602400000, 0x0000000800000000)
  region size 4096K, 29 young (118784K), 1 survivors (4096K)
 Metaspace       used 27252K, committed 28032K, reserved 1114112K
  class space    used 3364K, committed 3712K, reserved 1048576K
}
Event: 3.284 GC heap after
{Heap after GC invocations=11 (full 0):
 garbage-first heap   total 245760K, used 68973K [0x0000000602400000, 0x0000000800000000)
  region size 4096K, 1 young (4096K), 1 survivors (4096K)
 Metaspace       used 27252K, committed 28032K, reserved 1114112K
  class space    used 3364K, committed 3712K, reserved 1048576K
}
Event: 3.483 GC heap before
{Heap before GC invocations=11 (full 0):
 garbage-first heap   total 245760K, used 191853K [0x0000000602400000, 0x0000000800000000)
  region size 4096K, 31 young (126976K), 1 survivors (4096K)
 Metaspace       used 28213K, committed 29056K, reserved 1114112K
  class space    used 3494K, committed 3904K, reserved 1048576K
}
Event: 3.487 GC heap after
{Heap after GC invocations=12 (full 0):
 garbage-first heap   total 245760K, used 74571K [0x0000000602400000, 0x0000000800000000)
  region size 4096K, 2 young (8192K), 2 survivors (8192K)
 Metaspace       used 28213K, committed 29056K, reserved 1114112K
  class space    used 3494K, committed 3904K, reserved 1048576K
}
Event: 3.606 GC heap before
{Heap before GC invocations=12 (full 0):
 garbage-first heap   total 245760K, used 193355K [0x0000000602400000, 0x0000000800000000)
  region size 4096K, 31 young (126976K), 2 survivors (8192K)
 Metaspace       used 28215K, committed 29056K, reserved 1114112K
  class space    used 3494K, committed 3904K, reserved 1048576K
}
Event: 3.611 GC heap after
{Heap after GC invocations=13 (full 0):
 garbage-first heap   total 479232K, used 78972K [0x0000000602400000, 0x0000000800000000)
  region size 4096K, 4 young (16384K), 4 survivors (16384K)
 Metaspace       used 28215K, committed 29056K, reserved 1114112K
  class space    used 3494K, committed 3904K, reserved 1048576K
}
Event: 4.097 GC heap before
{Heap before GC invocations=13 (full 0):
 garbage-first heap   total 479232K, used 361596K [0x0000000602400000, 0x0000000800000000)
  region size 4096K, 70 young (286720K), 4 survivors (16384K)
 Metaspace       used 32915K, committed 33792K, reserved 1114112K
  class space    used 4089K, committed 4480K, reserved 1048576K
}
Event: 4.104 GC heap after
{Heap after GC invocations=14 (full 0):
 garbage-first heap   total 479232K, used 98933K [0x0000000602400000, 0x0000000800000000)
  region size 4096K, 5 young (20480K), 5 survivors (20480K)
 Metaspace       used 32915K, committed 33792K, reserved 1114112K
  class space    used 4089K, committed 4480K, reserved 1048576K
}
Event: 4.887 GC heap before
{Heap before GC invocations=14 (full 0):
 garbage-first heap   total 479232K, used 242293K [0x0000000602400000, 0x0000000800000000)
  region size 4096K, 41 young (167936K), 5 survivors (20480K)
 Metaspace       used 35084K, committed 35968K, reserved 1114112K
  class space    used 4334K, committed 4736K, reserved 1048576K
}
Event: 4.893 GC heap after
{Heap after GC invocations=15 (full 0):
 garbage-first heap   total 479232K, used 102292K [0x0000000602400000, 0x0000000800000000)
  region size 4096K, 6 young (24576K), 6 survivors (24576K)
 Metaspace       used 35084K, committed 35968K, reserved 1114112K
  class space    used 4334K, committed 4736K, reserved 1048576K
}
Event: 5.769 GC heap before
{Heap before GC invocations=16 (full 0):
 garbage-first heap   total 409600K, used 323476K [0x0000000602400000, 0x0000000800000000)
  region size 4096K, 60 young (245760K), 6 survivors (24576K)
 Metaspace       used 43641K, committed 44672K, reserved 1114112K
  class space    used 5698K, committed 6208K, reserved 1048576K
}
Event: 5.778 GC heap after
{Heap after GC invocations=17 (full 0):
 garbage-first heap   total 409600K, used 113563K [0x0000000602400000, 0x0000000800000000)
  region size 4096K, 7 young (28672K), 7 survivors (28672K)
 Metaspace       used 43641K, committed 44672K, reserved 1114112K
  class space    used 5698K, committed 6208K, reserved 1048576K
}
Event: 6.192 GC heap before
{Heap before GC invocations=17 (full 0):
 garbage-first heap   total 409600K, used 330651K [0x0000000602400000, 0x0000000800000000)
  region size 4096K, 60 young (245760K), 7 survivors (28672K)
 Metaspace       used 45114K, committed 46144K, reserved 1114112K
  class space    used 5926K, committed 6400K, reserved 1048576K
}
Event: 6.209 GC heap after
{Heap after GC invocations=18 (full 0):
 garbage-first heap   total 409600K, used 134374K [0x0000000602400000, 0x0000000800000000)
  region size 4096K, 8 young (32768K), 8 survivors (32768K)
 Metaspace       used 45114K, committed 46144K, reserved 1114112K
  class space    used 5926K, committed 6400K, reserved 1048576K
}
Event: 6.929 GC heap before
{Heap before GC invocations=18 (full 0):
 garbage-first heap   total 409600K, used 326886K [0x0000000602400000, 0x0000000800000000)
  region size 4096K, 55 young (225280K), 8 survivors (32768K)
 Metaspace       used 53649K, committed 54656K, reserved 1114112K
  class space    used 7543K, committed 8000K, reserved 1048576K
}
Event: 6.945 GC heap after
{Heap after GC invocations=19 (full 0):
 garbage-first heap   total 491520K, used 164101K [0x0000000602400000, 0x0000000800000000)
  region size 4096K, 7 young (28672K), 7 survivors (28672K)
 Metaspace       used 53649K, committed 54656K, reserved 1114112K
  class space    used 7543K, committed 8000K, reserved 1048576K
}
Event: 7.327 GC heap before
{Heap before GC invocations=19 (full 0):
 garbage-first heap   total 491520K, used 229637K [0x0000000602400000, 0x0000000800000000)
  region size 4096K, 24 young (98304K), 7 survivors (28672K)
 Metaspace       used 59107K, committed 60160K, reserved 1114112K
  class space    used 8652K, committed 9152K, reserved 1048576K
}
Event: 7.335 GC heap after
{Heap after GC invocations=20 (full 0):
 garbage-first heap   total 491520K, used 169884K [0x0000000602400000, 0x0000000800000000)
  region size 4096K, 2 young (8192K), 2 survivors (8192K)
 Metaspace       used 59107K, committed 60160K, reserved 1114112K
  class space    used 8652K, committed 9152K, reserved 1048576K
}

