# JRE version: Java(TM) SE Runtime Environment (17.0.12+8) (build 17.0.12+8-LTS-286)
# Java VM: Java HotSpot(TM) 64-Bit Server VM (17.0.12+8-LTS-286, mixed mode, sharing, tiered, compressed oops, compressed class ptrs, g1 gc, windows-amd64)
GC Precious Log:
 CPUs: 8 total, 8 available
 Memory: 32616M
 Large Page Support: Disabled
 NUMA Support: Disabled
 Compressed Oops: Enabled (Zero based)
 Heap Region Size: 4M
 Heap Min Capacity: 8M
 Heap Initial Capacity: 512M
 Heap Max Capacity: 8156M
 Pre-touch: Disabled
 Parallel Workers: 8
 Concurrent Workers: 2
 Concurrent Refinement Workers: 8
 Periodic GC: Disabled
Heap:
 garbage-first heap   total 491520K, used 358099K [0x0000000602400000, 0x0000000800000000)
  region size 4096K, 49 young (200704K), 2 survivors (8192K)
 Metaspace       used 67601K, committed 68736K, reserved 1114112K
  class space    used 10183K, committed 10688K, reserved 1048576K
GC Heap History (20 events):
Event: 3.390 GC heap before
{Heap before GC invocations=9 (full 0):
 garbage-first heap   total 245760K, used 174740K [0x0000000602400000, 0x0000000800000000)
  region size 4096K, 27 young (110592K), 1 survivors (4096K)
 Metaspace       used 27191K, committed 28096K, reserved 1114112K
  class space    used 3363K, committed 3776K, reserved 1048576K
}
Event: 3.392 GC heap after
{Heap after GC invocations=10 (full 0):
 garbage-first heap   total 245760K, used 68448K [0x0000000602400000, 0x0000000800000000)
  region size 4096K, 1 young (4096K), 1 survivors (4096K)
 Metaspace       used 27191K, committed 28096K, reserved 1114112K
  class space    used 3363K, committed 3776K, reserved 1048576K
}
Event: 3.517 GC heap before
{Heap before GC invocations=10 (full 0):
 garbage-first heap   total 245760K, used 183136K [0x0000000602400000, 0x0000000800000000)
  region size 4096K, 29 young (118784K), 1 survivors (4096K)
 Metaspace       used 27218K, committed 28096K, reserved 1114112K
  class space    used 3365K, committed 3776K, reserved 1048576K
}
Event: 3.519 GC heap after
{Heap after GC invocations=11 (full 0):
 garbage-first heap   total 245760K, used 69005K [0x0000000602400000, 0x0000000800000000)
  region size 4096K, 1 young (4096K), 1 survivors (4096K)
 Metaspace       used 27218K, committed 28096K, reserved 1114112K
  class space    used 3365K, committed 3776K, reserved 1048576K
}
Event: 3.709 GC heap before
{Heap before GC invocations=11 (full 0):
 garbage-first heap   total 245760K, used 187789K [0x0000000602400000, 0x0000000800000000)
  region size 4096K, 31 young (126976K), 1 survivors (4096K)
 Metaspace       used 28177K, committed 29056K, reserved 1114112K
  class space    used 3496K, committed 3904K, reserved 1048576K
}
Event: 3.712 GC heap after
{Heap after GC invocations=12 (full 0):
 garbage-first heap   total 421888K, used 71900K [0x0000000602400000, 0x0000000800000000)
  region size 4096K, 2 young (8192K), 2 survivors (8192K)
 Metaspace       used 28177K, committed 29056K, reserved 1114112K
  class space    used 3496K, committed 3904K, reserved 1048576K
}
Event: 3.960 GC heap before
{Heap before GC invocations=12 (full 0):
 garbage-first heap   total 421888K, used 313564K [0x0000000602400000, 0x0000000800000000)
  region size 4096K, 61 young (249856K), 2 survivors (8192K)
 Metaspace       used 28234K, committed 29120K, reserved 1114112K
  class space    used 3501K, committed 3904K, reserved 1048576K
}
Event: 3.965 GC heap after
{Heap after GC invocations=13 (full 0):
 garbage-first heap   total 421888K, used 82256K [0x0000000602400000, 0x0000000800000000)
  region size 4096K, 4 young (16384K), 4 survivors (16384K)
 Metaspace       used 28234K, committed 29120K, reserved 1114112K
  class space    used 3501K, committed 3904K, reserved 1048576K
}
Event: 5.011 GC heap before
{Heap before GC invocations=13 (full 0):
 garbage-first heap   total 421888K, used 328016K [0x0000000602400000, 0x0000000800000000)
  region size 4096K, 61 young (249856K), 4 survivors (16384K)
 Metaspace       used 33783K, committed 34688K, reserved 1114112K
  class space    used 4241K, committed 4672K, reserved 1048576K
}
Event: 5.017 GC heap after
{Heap after GC invocations=14 (full 0):
 garbage-first heap   total 421888K, used 101614K [0x0000000602400000, 0x0000000800000000)
  region size 4096K, 6 young (24576K), 6 survivors (24576K)
 Metaspace       used 33783K, committed 34688K, reserved 1114112K
  class space    used 4241K, committed 4672K, reserved 1048576K
}
Event: 5.176 GC heap before
{Heap before GC invocations=14 (full 0):
 garbage-first heap   total 421888K, used 146670K [0x0000000602400000, 0x0000000800000000)
  region size 4096K, 18 young (73728K), 6 survivors (24576K)
 Metaspace       used 35155K, committed 36096K, reserved 1114112K
  class space    used 4359K, committed 4800K, reserved 1048576K
}
Event: 5.183 GC heap after
{Heap after GC invocations=15 (full 0):
 garbage-first heap   total 421888K, used 102200K [0x0000000602400000, 0x0000000800000000)
  region size 4096K, 2 young (8192K), 2 survivors (8192K)
 Metaspace       used 35155K, committed 36096K, reserved 1114112K
  class space    used 4359K, committed 4800K, reserved 1048576K
}
Event: 6.092 GC heap before
{Heap before GC invocations=16 (full 0):
 garbage-first heap   total 409600K, used 339768K [0x0000000602400000, 0x0000000800000000)
  region size 4096K, 60 young (245760K), 2 survivors (8192K)
 Metaspace       used 44127K, committed 45120K, reserved 1114112K
  class space    used 5797K, committed 6272K, reserved 1048576K
}
Event: 6.100 GC heap after
{Heap after GC invocations=17 (full 0):
 garbage-first heap   total 409600K, used 116241K [0x0000000602400000, 0x0000000800000000)
  region size 4096K, 6 young (24576K), 6 survivors (24576K)
 Metaspace       used 44127K, committed 45120K, reserved 1114112K
  class space    used 5797K, committed 6272K, reserved 1048576K
}
Event: 6.500 GC heap before
{Heap before GC invocations=17 (full 0):
 garbage-first heap   total 409600K, used 333329K [0x0000000602400000, 0x0000000800000000)
  region size 4096K, 59 young (241664K), 6 survivors (24576K)
 Metaspace       used 45386K, committed 46400K, reserved 1114112K
  class space    used 5977K, committed 6464K, reserved 1048576K
}
Event: 6.516 GC heap after
{Heap after GC invocations=18 (full 0):
 garbage-first heap   total 409600K, used 138145K [0x0000000602400000, 0x0000000800000000)
  region size 4096K, 8 young (32768K), 8 survivors (32768K)
 Metaspace       used 45386K, committed 46400K, reserved 1114112K
  class space    used 5977K, committed 6464K, reserved 1048576K
}
Event: 7.412 GC heap before
{Heap before GC invocations=18 (full 0):
 garbage-first heap   total 409600K, used 326561K [0x0000000602400000, 0x0000000800000000)
  region size 4096K, 54 young (221184K), 8 survivors (32768K)
 Metaspace       used 56689K, committed 57728K, reserved 1114112K
  class space    used 8233K, committed 8704K, reserved 1048576K
}
Event: 7.429 GC heap after
{Heap after GC invocations=19 (full 0):
 garbage-first heap   total 409600K, used 164189K [0x0000000602400000, 0x0000000800000000)
  region size 4096K, 7 young (28672K), 7 survivors (28672K)
 Metaspace       used 56689K, committed 57728K, reserved 1114112K
  class space    used 8233K, committed 8704K, reserved 1048576K
}
Event: 7.626 GC heap before
{Heap before GC invocations=19 (full 0):
 garbage-first heap   total 409600K, used 192861K [0x0000000602400000, 0x0000000800000000)
  region size 4096K, 15 young (61440K), 7 survivors (28672K)
 Metaspace       used 59239K, committed 60288K, reserved 1114112K
  class space    used 8682K, committed 9152K, reserved 1048576K
}
Event: 7.633 GC heap after
{Heap after GC invocations=20 (full 0):
 garbage-first heap   total 491520K, used 169683K [0x0000000602400000, 0x0000000800000000)
  region size 4096K, 2 young (8192K), 2 survivors (8192K)
 Metaspace       used 59239K, committed 60288K, reserved 1114112K
  class space    used 8682K, committed 9152K, reserved 1048576K
}

