# JRE version: Java(TM) SE Runtime Environment (17.0.12+8) (build 17.0.12+8-LTS-286)
# Java VM: Java HotSpot(TM) 64-Bit Server VM (17.0.12+8-LTS-286, mixed mode, sharing, tiered, compressed oops, compressed class ptrs, g1 gc, windows-amd64)
GC Precious Log:
 CPUs: 8 total, 8 available
 Memory: 32616M
 Large Page Support: Disabled
 NUMA Support: Disabled
 Compressed Oops: Enabled (Zero based)
 Heap Region Size: 4M
 Heap Min Capacity: 8M
 Heap Initial Capacity: 512M
 Heap Max Capacity: 8156M
 Pre-touch: Disabled
 Parallel Workers: 8
 Concurrent Workers: 2
 Concurrent Refinement Workers: 8
 Periodic GC: Disabled
Heap:
 garbage-first heap   total 487424K, used 363280K [0x0000000602400000, 0x0000000800000000)
  region size 4096K, 50 young (204800K), 2 survivors (8192K)
 Metaspace       used 67591K, committed 68736K, reserved 1114112K
  class space    used 10182K, committed 10688K, reserved 1048576K
GC Heap History (20 events):
Event: 3.317 GC heap before
{Heap before GC invocations=9 (full 0):
 garbage-first heap   total 245760K, used 174770K [0x0000000602400000, 0x0000000800000000)
  region size 4096K, 27 young (110592K), 1 survivors (4096K)
 Metaspace       used 27179K, committed 28096K, reserved 1114112K
  class space    used 3365K, committed 3776K, reserved 1048576K
}
Event: 3.319 GC heap after
{Heap after GC invocations=10 (full 0):
 garbage-first heap   total 245760K, used 68477K [0x0000000602400000, 0x0000000800000000)
  region size 4096K, 1 young (4096K), 1 survivors (4096K)
 Metaspace       used 27179K, committed 28096K, reserved 1114112K
  class space    used 3365K, committed 3776K, reserved 1048576K
}
Event: 3.488 GC heap before
{Heap before GC invocations=10 (full 0):
 garbage-first heap   total 245760K, used 183165K [0x0000000602400000, 0x0000000800000000)
  region size 4096K, 29 young (118784K), 1 survivors (4096K)
 Metaspace       used 27716K, committed 28544K, reserved 1114112K
  class space    used 3430K, committed 3776K, reserved 1048576K
}
Event: 3.490 GC heap after
{Heap after GC invocations=11 (full 0):
 garbage-first heap   total 245760K, used 69330K [0x0000000602400000, 0x0000000800000000)
  region size 4096K, 1 young (4096K), 1 survivors (4096K)
 Metaspace       used 27716K, committed 28544K, reserved 1114112K
  class space    used 3430K, committed 3776K, reserved 1048576K
}
Event: 3.659 GC heap before
{Heap before GC invocations=11 (full 0):
 garbage-first heap   total 245760K, used 184018K [0x0000000602400000, 0x0000000800000000)
  region size 4096K, 30 young (122880K), 1 survivors (4096K)
 Metaspace       used 28159K, committed 28992K, reserved 1114112K
  class space    used 3496K, committed 3904K, reserved 1048576K
}
Event: 3.663 GC heap after
{Heap after GC invocations=12 (full 0):
 garbage-first heap   total 245760K, used 75509K [0x0000000602400000, 0x0000000800000000)
  region size 4096K, 3 young (12288K), 3 survivors (12288K)
 Metaspace       used 28159K, committed 28992K, reserved 1114112K
  class space    used 3496K, committed 3904K, reserved 1048576K
}
Event: 3.803 GC heap before
{Heap before GC invocations=12 (full 0):
 garbage-first heap   total 245760K, used 190197K [0x0000000602400000, 0x0000000800000000)
  region size 4096K, 31 young (126976K), 3 survivors (12288K)
 Metaspace       used 28161K, committed 29056K, reserved 1114112K
  class space    used 3496K, committed 3904K, reserved 1048576K
}
Event: 3.811 GC heap after
{Heap after GC invocations=13 (full 0):
 garbage-first heap   total 491520K, used 79708K [0x0000000602400000, 0x0000000800000000)
  region size 4096K, 3 young (12288K), 3 survivors (12288K)
 Metaspace       used 28161K, committed 29056K, reserved 1114112K
  class space    used 3496K, committed 3904K, reserved 1048576K
}
Event: 4.425 GC heap before
{Heap before GC invocations=13 (full 0):
 garbage-first heap   total 491520K, used 374620K [0x0000000602400000, 0x0000000800000000)
  region size 4096K, 72 young (294912K), 3 survivors (12288K)
 Metaspace       used 33384K, committed 34304K, reserved 1114112K
  class space    used 4179K, committed 4544K, reserved 1048576K
}
Event: 4.431 GC heap after
{Heap after GC invocations=14 (full 0):
 garbage-first heap   total 491520K, used 98570K [0x0000000602400000, 0x0000000800000000)
  region size 4096K, 5 young (20480K), 5 survivors (20480K)
 Metaspace       used 33384K, committed 34304K, reserved 1114112K
  class space    used 4179K, committed 4544K, reserved 1048576K
}
Event: 5.179 GC heap before
{Heap before GC invocations=14 (full 0):
 garbage-first heap   total 491520K, used 241930K [0x0000000602400000, 0x0000000800000000)
  region size 4096K, 41 young (167936K), 5 survivors (20480K)
 Metaspace       used 35174K, committed 36096K, reserved 1114112K
  class space    used 4356K, committed 4800K, reserved 1048576K
}
Event: 5.185 GC heap after
{Heap after GC invocations=15 (full 0):
 garbage-first heap   total 491520K, used 103287K [0x0000000602400000, 0x0000000800000000)
  region size 4096K, 6 young (24576K), 6 survivors (24576K)
 Metaspace       used 35174K, committed 36096K, reserved 1114112K
  class space    used 4356K, committed 4800K, reserved 1048576K
}
Event: 6.130 GC heap before
{Heap before GC invocations=16 (full 0):
 garbage-first heap   total 385024K, used 303991K [0x0000000602400000, 0x0000000800000000)
  region size 4096K, 56 young (229376K), 6 survivors (24576K)
 Metaspace       used 43790K, committed 44736K, reserved 1114112K
  class space    used 5720K, committed 6144K, reserved 1048576K
}
Event: 6.143 GC heap after
{Heap after GC invocations=17 (full 0):
 garbage-first heap   total 385024K, used 115407K [0x0000000602400000, 0x0000000800000000)
  region size 4096K, 6 young (24576K), 6 survivors (24576K)
 Metaspace       used 43790K, committed 44736K, reserved 1114112K
  class space    used 5720K, committed 6144K, reserved 1048576K
}
Event: 6.571 GC heap before
{Heap before GC invocations=17 (full 0):
 garbage-first heap   total 385024K, used 312015K [0x0000000602400000, 0x0000000800000000)
  region size 4096K, 54 young (221184K), 6 survivors (24576K)
 Metaspace       used 45070K, committed 46144K, reserved 1114112K
  class space    used 5931K, committed 6400K, reserved 1048576K
}
Event: 6.584 GC heap after
{Heap after GC invocations=18 (full 0):
 garbage-first heap   total 385024K, used 134542K [0x0000000602400000, 0x0000000800000000)
  region size 4096K, 7 young (28672K), 7 survivors (28672K)
 Metaspace       used 45070K, committed 46144K, reserved 1114112K
  class space    used 5931K, committed 6400K, reserved 1048576K
}
Event: 7.194 GC heap before
{Heap before GC invocations=18 (full 0):
 garbage-first heap   total 385024K, used 302478K [0x0000000602400000, 0x0000000800000000)
  region size 4096K, 48 young (196608K), 7 survivors (28672K)
 Metaspace       used 51841K, committed 52800K, reserved 1114112K
  class space    used 7066K, committed 7488K, reserved 1048576K
}
Event: 7.210 GC heap after
{Heap after GC invocations=19 (full 0):
 garbage-first heap   total 385024K, used 161628K [0x0000000602400000, 0x0000000800000000)
  region size 4096K, 6 young (24576K), 6 survivors (24576K)
 Metaspace       used 51841K, committed 52800K, reserved 1114112K
  class space    used 7066K, committed 7488K, reserved 1048576K
}
Event: 7.710 GC heap before
{Heap before GC invocations=19 (full 0):
 garbage-first heap   total 385024K, used 247644K [0x0000000602400000, 0x0000000800000000)
  region size 4096K, 28 young (114688K), 6 survivors (24576K)
 Metaspace       used 59236K, committed 60288K, reserved 1114112K
  class space    used 8684K, committed 9152K, reserved 1048576K
}
Event: 7.720 GC heap after
{Heap after GC invocations=20 (full 0):
 garbage-first heap   total 487424K, used 170768K [0x0000000602400000, 0x0000000800000000)
  region size 4096K, 2 young (8192K), 2 survivors (8192K)
 Metaspace       used 59236K, committed 60288K, reserved 1114112K
  class space    used 8684K, committed 9152K, reserved 1048576K
}

