# JRE version: Java(TM) SE Runtime Environment (17.0.12+8) (build 17.0.12+8-LTS-286)
# Java VM: Java HotSpot(TM) 64-Bit Server VM (17.0.12+8-LTS-286, mixed mode, sharing, tiered, compressed oops, compressed class ptrs, g1 gc, windows-amd64)
GC Precious Log:
 CPUs: 8 total, 8 available
 Memory: 32616M
 Large Page Support: Disabled
 NUMA Support: Disabled
 Compressed Oops: Enabled (Zero based)
 Heap Region Size: 4M
 Heap Min Capacity: 8M
 Heap Initial Capacity: 512M
 Heap Max Capacity: 8156M
 Pre-touch: Disabled
 Parallel Workers: 8
 Concurrent Workers: 2
 Concurrent Refinement Workers: 8
 Periodic GC: Disabled
Heap:
 garbage-first heap   total 512000K, used 199114K [0x0000000602400000, 0x0000000800000000)
  region size 4096K, 10 young (40960K), 4 survivors (16384K)
 Metaspace       used 67683K, committed 68864K, reserved 1114112K
  class space    used 10177K, committed 10688K, reserved 1048576K
GC Heap History (20 events):
Event: 3.256 GC heap before
{Heap before GC invocations=8 (full 0):
 garbage-first heap   total 204800K, used 143004K [0x0000000602400000, 0x0000000800000000)
  region size 4096K, 19 young (77824K), 1 survivors (4096K)
 Metaspace       used 27136K, committed 27904K, reserved 1114112K
  class space    used 3360K, committed 3712K, reserved 1048576K
}
Event: 3.259 GC heap after
{Heap after GC invocations=9 (full 0):
 garbage-first heap   total 204800K, used 67873K [0x0000000602400000, 0x0000000800000000)
  region size 4096K, 1 young (4096K), 1 survivors (4096K)
 Metaspace       used 27136K, committed 27904K, reserved 1114112K
  class space    used 3360K, committed 3712K, reserved 1048576K
}
Event: 3.325 GC heap before
{Heap before GC invocations=9 (full 0):
 garbage-first heap   total 204800K, used 145697K [0x0000000602400000, 0x0000000800000000)
  region size 4096K, 20 young (81920K), 1 survivors (4096K)
 Metaspace       used 27140K, committed 27904K, reserved 1114112K
  class space    used 3360K, committed 3712K, reserved 1048576K
}
Event: 3.327 GC heap after
{Heap after GC invocations=10 (full 0):
 garbage-first heap   total 397312K, used 68066K [0x0000000602400000, 0x0000000800000000)
  region size 4096K, 1 young (4096K), 1 survivors (4096K)
 Metaspace       used 27140K, committed 27904K, reserved 1114112K
  class space    used 3360K, committed 3712K, reserved 1048576K
}
Event: 3.641 GC heap before
{Heap before GC invocations=10 (full 0):
 garbage-first heap   total 397312K, used 301538K [0x0000000602400000, 0x0000000800000000)
  region size 4096K, 58 young (237568K), 1 survivors (4096K)
 Metaspace       used 27694K, committed 28544K, reserved 1114112K
  class space    used 3426K, committed 3776K, reserved 1048576K
}
Event: 3.644 GC heap after
{Heap after GC invocations=11 (full 0):
 garbage-first heap   total 397312K, used 72323K [0x0000000602400000, 0x0000000800000000)
  region size 4096K, 2 young (8192K), 2 survivors (8192K)
 Metaspace       used 27694K, committed 28544K, reserved 1114112K
  class space    used 3426K, committed 3776K, reserved 1048576K
}
Event: 3.893 GC heap before
{Heap before GC invocations=11 (full 0):
 garbage-first heap   total 397312K, used 301699K [0x0000000602400000, 0x0000000800000000)
  region size 4096K, 58 young (237568K), 2 survivors (8192K)
 Metaspace       used 28140K, committed 28992K, reserved 1114112K
  class space    used 3492K, committed 3904K, reserved 1048576K
}
Event: 3.899 GC heap after
{Heap after GC invocations=12 (full 0):
 garbage-first heap   total 397312K, used 80133K [0x0000000602400000, 0x0000000800000000)
  region size 4096K, 4 young (16384K), 4 survivors (16384K)
 Metaspace       used 28140K, committed 28992K, reserved 1114112K
  class space    used 3492K, committed 3904K, reserved 1048576K
}
Event: 4.228 GC heap before
{Heap before GC invocations=12 (full 0):
 garbage-first heap   total 397312K, used 313605K [0x0000000602400000, 0x0000000800000000)
  region size 4096K, 58 young (237568K), 4 survivors (16384K)
 Metaspace       used 30928K, committed 31808K, reserved 1114112K
  class space    used 3853K, committed 4224K, reserved 1048576K
}
Event: 4.234 GC heap after
{Heap after GC invocations=13 (full 0):
 garbage-first heap   total 397312K, used 98237K [0x0000000602400000, 0x0000000800000000)
  region size 4096K, 5 young (20480K), 5 survivors (20480K)
 Metaspace       used 30928K, committed 31808K, reserved 1114112K
  class space    used 3853K, committed 4224K, reserved 1048576K
}
Event: 5.301 GC heap before
{Heap before GC invocations=13 (full 0):
 garbage-first heap   total 397312K, used 249789K [0x0000000602400000, 0x0000000800000000)
  region size 4096K, 44 young (180224K), 5 survivors (20480K)
 Metaspace       used 35219K, committed 36096K, reserved 1114112K
  class space    used 4358K, committed 4736K, reserved 1048576K
}
Event: 5.307 GC heap after
{Heap after GC invocations=14 (full 0):
 garbage-first heap   total 397312K, used 104019K [0x0000000602400000, 0x0000000800000000)
  region size 4096K, 6 young (24576K), 6 survivors (24576K)
 Metaspace       used 35219K, committed 36096K, reserved 1114112K
  class space    used 4358K, committed 4736K, reserved 1048576K
}
Event: 6.138 GC heap before
{Heap before GC invocations=15 (full 0):
 garbage-first heap   total 397312K, used 317011K [0x0000000602400000, 0x0000000800000000)
  region size 4096K, 58 young (237568K), 6 survivors (24576K)
 Metaspace       used 44263K, committed 45248K, reserved 1114112K
  class space    used 5810K, committed 6272K, reserved 1048576K
}
Event: 6.149 GC heap after
{Heap after GC invocations=16 (full 0):
 garbage-first heap   total 397312K, used 117529K [0x0000000602400000, 0x0000000800000000)
  region size 4096K, 7 young (28672K), 7 survivors (28672K)
 Metaspace       used 44263K, committed 45248K, reserved 1114112K
  class space    used 5810K, committed 6272K, reserved 1048576K
}
Event: 6.463 GC heap before
{Heap before GC invocations=17 (full 0):
 garbage-first heap   total 397312K, used 314137K [0x0000000602400000, 0x0000000800000000)
  region size 4096K, 55 young (225280K), 7 survivors (28672K)
 Metaspace       used 45128K, committed 46144K, reserved 1114112K
  class space    used 5955K, committed 6400K, reserved 1048576K
}
Event: 6.478 GC heap after
{Heap after GC invocations=18 (full 0):
 garbage-first heap   total 397312K, used 137474K [0x0000000602400000, 0x0000000800000000)
  region size 4096K, 7 young (28672K), 7 survivors (28672K)
 Metaspace       used 45128K, committed 46144K, reserved 1114112K
  class space    used 5955K, committed 6400K, reserved 1048576K
}
Event: 7.227 GC heap before
{Heap before GC invocations=18 (full 0):
 garbage-first heap   total 397312K, used 313602K [0x0000000602400000, 0x0000000800000000)
  region size 4096K, 50 young (204800K), 7 survivors (28672K)
 Metaspace       used 54386K, committed 55488K, reserved 1114112K
  class space    used 7757K, committed 8256K, reserved 1048576K
}
Event: 7.245 GC heap after
{Heap after GC invocations=19 (full 0):
 garbage-first heap   total 512000K, used 164869K [0x0000000602400000, 0x0000000800000000)
  region size 4096K, 7 young (28672K), 7 survivors (28672K)
 Metaspace       used 54386K, committed 55488K, reserved 1114112K
  class space    used 7757K, committed 8256K, reserved 1048576K
}
Event: 8.440 GC heap before
{Heap before GC invocations=19 (full 0):
 garbage-first heap   total 512000K, used 390149K [0x0000000602400000, 0x0000000800000000)
  region size 4096K, 62 young (253952K), 7 survivors (28672K)
 Metaspace       used 66591K, committed 67776K, reserved 1114112K
  class space    used 9958K, committed 10432K, reserved 1048576K
}
Event: 8.450 GC heap after
{Heap after GC invocations=20 (full 0):
 garbage-first heap   total 512000K, used 178634K [0x0000000602400000, 0x0000000800000000)
  region size 4096K, 4 young (16384K), 4 survivors (16384K)
 Metaspace       used 66591K, committed 67776K, reserved 1114112K
  class space    used 9958K, committed 10432K, reserved 1048576K
}

